<?xml version="1.0" encoding="UTF-8"?>
<testsuite name="dk.sdu.imada.rsa.NumberHelperSpec" tests="4" skipped="0" failures="0" errors="0" timestamp="2019-11-18T10:11:40" hostname="DESKTOP-O4COTV8" time="0.013">
  <properties/>
  <testcase name="Test extendedEuclideanAlgorithm eua(75,28) =&gt; [1, 3, -8]" classname="dk.sdu.imada.rsa.NumberHelperSpec" time="0.01"/>
  <testcase name="Test extendedEuclideanAlgorithm eua(13,2436) =&gt; [1, 937, -5]" classname="dk.sdu.imada.rsa.NumberHelperSpec" time="0.001"/>
  <testcase name="Test recursiveModularExponentiation modexp(2, 644, 645) = 1" classname="dk.sdu.imada.rsa.NumberHelperSpec" time="0.001"/>
  <testcase name="Test recursiveModularExponentiation modexp(123, 1001, 101) = 22" classname="dk.sdu.imada.rsa.NumberHelperSpec" time="0.0"/>
  <system-out><![CDATA[]]></system-out>
  <system-err><![CDATA[]]></system-err>
</testsuite>
