<?xml version="1.0" encoding="UTF-8"?>
<testsuite name="dk.sdu.imada.rsa.RSASpec" tests="9" skipped="0" failures="0" errors="0" timestamp="2019-11-18T10:11:40" hostname="DESKTOP-O4COTV8" time="0.874">
  <properties/>
  <testcase name="Test d is correct set when values are given RSA(13,17,5) =&gt; d=77" classname="dk.sdu.imada.rsa.RSASpec" time="0.003"/>
  <testcase name="Test d is correct set when values are given RSA(13,17,7) =&gt; d=55" classname="dk.sdu.imada.rsa.RSASpec" time="0.0"/>
  <testcase name="Test d is correct set when values are given RSA(13,17,11) =&gt; d=35" classname="dk.sdu.imada.rsa.RSASpec" time="0.0"/>
  <testcase name="Test encryption only with small example '00001'=&gt;'1&#10;'" classname="dk.sdu.imada.rsa.RSASpec" time="0.0"/>
  <testcase name="Test encryption only with small example '0000a'=&gt;'108&#10;'" classname="dk.sdu.imada.rsa.RSASpec" time="0.0"/>
  <testcase name="Test encryption only with small example '000050000g'=&gt;'31&#10;152&#10;'" classname="dk.sdu.imada.rsa.RSASpec" time="0.0"/>
  <testcase name="Test decryption only with small example '1&#10;' =&gt; '00001'" classname="dk.sdu.imada.rsa.RSASpec" time="0.001"/>
  <testcase name="Test decryption only with small example '31&#10;152&#10;' =&gt; '000050000g'" classname="dk.sdu.imada.rsa.RSASpec" time="0.002"/>
  <testcase name="Test encryption and decryption" classname="dk.sdu.imada.rsa.RSASpec" time="0.86"/>
  <system-out><![CDATA[Remaining numbers: 1
Character before dividing: 0
Character in number: 0
Result: 0

Remaining numbers: 1
Character before dividing: 0
Character in number: 0
Result: 00

Remaining numbers: 1
Character before dividing: 0
Character in number: 0
Result: 000

Remaining numbers: 1
Character before dividing: 0
Character in number: 0
Result: 0000

Remaining numbers: 0
Character before dividing: 1
Character in number: 1
Result: 00001

Remaining numbers: 5
Character before dividing: 0
Character in number: 0
Result: 0

Remaining numbers: 5
Character before dividing: 0
Character in number: 0
Result: 00

Remaining numbers: 5
Character before dividing: 0
Character in number: 0
Result: 000

Remaining numbers: 5
Character before dividing: 0
Character in number: 0
Result: 0000

Remaining numbers: 0
Character before dividing: 5
Character in number: 5
Result: 00005

Remaining numbers: 16
Character before dividing: 0
Character in number: 0
Result: 0

Remaining numbers: 16
Character before dividing: 0
Character in number: 0
Result: 00

Remaining numbers: 16
Character before dividing: 0
Character in number: 0
Result: 000

Remaining numbers: 16
Character before dividing: 0
Character in number: 0
Result: 0000

Remaining numbers: 0
Character before dividing: 16
Character in number: 16
Result: 0000g

Remaining numbers: 886815
Character before dividing: 54350669
Character in number: 29
Result: t

Remaining numbers: 25714
Character before dividing: 861101
Character in number: 17
Result: th

Remaining numbers: 1072
Character before dividing: 24642
Character in number: 18
Result: thi

Remaining numbers: 36
Character before dividing: 1036
Character in number: 28
Result: this

Remaining numbers: 0
Character before dividing: 36
Character in number: 36
Result: this 

Remaining numbers: 1467974
Character before dividing: 33734898
Character in number: 18
Result: i

Remaining numbers: 49690
Character before dividing: 1418284
Character in number: 28
Result: is

Remaining numbers: 406
Character before dividing: 49284
Character in number: 36
Result: is 

Remaining numbers: 36
Character before dividing: 370
Character in number: 10
Result: is a

Remaining numbers: 0
Character before dividing: 36
Character in number: 36
Result: is a 

Remaining numbers: 738692
Character before dividing: 31860737
Character in number: 17
Result: h

Remaining numbers: 29550
Character before dividing: 709142
Character in number: 14
Result: he

Remaining numbers: 801
Character before dividing: 28749
Character in number: 21
Result: hel

Remaining numbers: 24
Character before dividing: 777
Character in number: 21
Result: hell

Remaining numbers: 0
Character before dividing: 24
Character in number: 24
Result: hello

Remaining numbers: 1654772
Character before dividing: 67469796
Character in number: 36
Result:  

Remaining numbers: 33876
Character before dividing: 1620896
Character in number: 32
Result:  w

Remaining numbers: 1020
Character before dividing: 32856
Character in number: 24
Result:  wo

Remaining numbers: 21
Character before dividing: 999
Character in number: 27
Result:  wor

Remaining numbers: 0
Character before dividing: 21
Character in number: 21
Result:  worl

Remaining numbers: 1843537
Character before dividing: 24364093
Character in number: 13
Result: d

Remaining numbers: 20029
Character before dividing: 1823508
Character in number: 36
Result: d 

Remaining numbers: 863
Character before dividing: 19166
Character in number: 14
Result: d e

Remaining numbers: 12
Character before dividing: 851
Character in number: 23
Result: d en

Remaining numbers: 0
Character before dividing: 12
Character in number: 12
Result: d enc

Remaining numbers: 1757514
Character before dividing: 50602347
Character in number: 27
Result: r

Remaining numbers: 35312
Character before dividing: 1722202
Character in number: 34
Result: ry

Remaining numbers: 1087
Character before dividing: 34225
Character in number: 25
Result: ryp

Remaining numbers: 14
Character before dividing: 1073
Character in number: 29
Result: rypt

Remaining numbers: 0
Character before dividing: 14
Character in number: 14
Result: rypte

Remaining numbers: 1854172
Character before dividing: 24364093
Character in number: 13
Result: d

Remaining numbers: 30664
Character before dividing: 1823508
Character in number: 36
Result: d 

Remaining numbers: 546
Character before dividing: 30118
Character in number: 22
Result: d m

Remaining numbers: 28
Character before dividing: 518
Character in number: 14
Result: d me

Remaining numbers: 0
Character before dividing: 28
Character in number: 28
Result: d mes

Remaining numbers: 528988
Character before dividing: 52476508
Character in number: 28
Result: s

Remaining numbers: 22458
Character before dividing: 506530
Character in number: 10
Result: sa

Remaining numbers: 554
Character before dividing: 21904
Character in number: 16
Result: sag

Remaining numbers: 36
Character before dividing: 518
Character in number: 14
Result: sage

Remaining numbers: 0
Character before dividing: 36
Character in number: 36
Result: sage 

]]></system-out>
  <system-err><![CDATA[]]></system-err>
</testsuite>
