<?xml version="1.0" encoding="UTF-8"?>
<testsuite name="dk.sdu.imada.rsa.NumberHelperSpec" tests="4" skipped="0" failures="0" errors="0" timestamp="2019-11-10T14:39:59" hostname="DESKTOP-V2FVHDK" time="0.019">
  <properties/>
  <testcase name="Test extendedEuclideanAlgorithm eua(75,28) =&gt; [1, 3, -8]" classname="dk.sdu.imada.rsa.NumberHelperSpec" time="0.006"/>
  <testcase name="Test extendedEuclideanAlgorithm eua(13,2436) =&gt; [1, 937, -5]" classname="dk.sdu.imada.rsa.NumberHelperSpec" time="0.001"/>
  <testcase name="Test recursiveModularExponentiation modexp(2, 644, 645) = 1" classname="dk.sdu.imada.rsa.NumberHelperSpec" time="0.01"/>
  <testcase name="Test recursiveModularExponentiation modexp(123, 1001, 101) = 22" classname="dk.sdu.imada.rsa.NumberHelperSpec" time="0.001"/>
  <system-out><![CDATA[Before: 80.5
After: 80
Before: 2.5
After: 2
Before: 0.5
After: 0
Before: 4
After: 4
Before: 379
After: 379
Before: 451
After: 451
Before: 226
After: 226
Before: 121
After: 121
Before: 259
After: 259
Before: 1
After: 1
Before: 500.5
After: 500
Before: 62.5
After: 62
Before: 15.5
After: 15
Before: 7.5
After: 7
Before: 3.5
After: 3
Before: 1.5
After: 1
Before: 52
After: 52
Before: 1
After: 1
Before: 1
After: 1
]]></system-out>
  <system-err><![CDATA[]]></system-err>
</testsuite>
